[debug] [2020-11-18T09:53:40.925Z] ----------------------------------------------------------------------
[debug] [2020-11-18T09:53:40.926Z] Command:       C:\Program Files\nodejs\node.exe C:\Users\gyanr\AppData\Roaming\npm\node_modules\firebase-tools\lib\bin\firebase.js init
[debug] [2020-11-18T09:53:40.926Z] CLI Version:   8.16.2
[debug] [2020-11-18T09:53:40.927Z] Platform:      win32
[debug] [2020-11-18T09:53:40.927Z] Node Version:  v12.18.3
[debug] [2020-11-18T09:53:40.927Z] Time:          Wed Nov 18 2020 15:23:40 GMT+0530 (India Standard Time)
[debug] [2020-11-18T09:53:40.928Z] ----------------------------------------------------------------------
[debug] [2020-11-18T09:53:40.928Z] 
[debug] [2020-11-18T09:53:40.932Z] > command requires scopes: ["email","openid","https://www.googleapis.com/auth/cloudplatformprojects.readonly","https://www.googleapis.com/auth/firebase","https://www.googleapis.com/auth/cloud-platform"]
[debug] [2020-11-18T09:53:40.933Z] > authorizing via signed-in user
[info] 
     ######## #### ########  ######## ########     ###     ######  ########
     ##        ##  ##     ## ##       ##     ##  ##   ##  ##       ##
     ######    ##  ########  ######   ########  #########  ######  ######
     ##        ##  ##    ##  ##       ##     ## ##     ##       ## ##
     ##       #### ##     ## ######## ########  ##     ##  ######  ########

You're about to initialize a Firebase project in this directory:

  D:\React\tinder-live\tinder-clone

Before we get started, keep in mind:

  * You are initializing in an existing Firebase project directory

[info] 
=== Project Setup
[info] 
[info] First, let's associate this project directory with a Firebase project.
[info] You can create multiple project aliases by running firebase use --add, 
[info] but for now we'll just set up a default project.
[info] 
[info] i  .firebaserc already has a default project, using tinderclone-b6db0. 
[debug] [2020-11-18T09:53:46.842Z] >>> HTTP REQUEST GET https://firebase.googleapis.com/v1beta1/projects/tinderclone-b6db0  
 
[debug] [2020-11-18T09:53:58.006Z] Server Error. getaddrinfo ENOTFOUND firebase.googleapis.com
[debug] [2020-11-18T09:54:01.132Z] FirebaseError: Server Error. getaddrinfo ENOTFOUND firebase.googleapis.com
    at Request._callback (C:\Users\gyanr\AppData\Roaming\npm\node_modules\firebase-tools\lib\api.js:32:31)
    at self.callback (C:\Users\gyanr\AppData\Roaming\npm\node_modules\firebase-tools\node_modules\request\request.js:185:22)
    at Request.emit (events.js:315:20)
    at Request.EventEmitter.emit (domain.js:483:12)
    at Request.onRequestError (C:\Users\gyanr\AppData\Roaming\npm\node_modules\firebase-tools\node_modules\request\request.js:877:8)
    at ClientRequest.emit (events.js:327:22)
    at ClientRequest.EventEmitter.emit (domain.js:483:12)
    at TLSSocket.socketErrorListener (_http_client.js:426:9)
    at TLSSocket.emit (events.js:315:20)
    at TLSSocket.EventEmitter.emit (domain.js:483:12)
    at emitErrorNT (internal/streams/destroy.js:92:8)
    at emitErrorAndCloseNT (internal/streams/destroy.js:60:3)
    at processTicksAndRejections (internal/process/task_queues.js:84:21)
[error] 
[error] Error: Failed to get Firebase project tinderclone-b6db0. Please make sure the project exists and your account has permission to access it.
[debug] [2020-11-18T09:54:08.771Z] ----------------------------------------------------------------------
[debug] [2020-11-18T09:54:08.773Z] Command:       C:\Program Files\nodejs\node.exe C:\Users\gyanr\AppData\Roaming\npm\node_modules\firebase-tools\lib\bin\firebase.js init
[debug] [2020-11-18T09:54:08.773Z] CLI Version:   8.16.2
[debug] [2020-11-18T09:54:08.773Z] Platform:      win32
[debug] [2020-11-18T09:54:08.773Z] Node Version:  v12.18.3
[debug] [2020-11-18T09:54:08.774Z] Time:          Wed Nov 18 2020 15:24:08 GMT+0530 (India Standard Time)
[debug] [2020-11-18T09:54:08.774Z] ----------------------------------------------------------------------
[debug] [2020-11-18T09:54:08.774Z] 
[debug] [2020-11-18T09:54:08.779Z] > command requires scopes: ["email","openid","https://www.googleapis.com/auth/cloudplatformprojects.readonly","https://www.googleapis.com/auth/firebase","https://www.googleapis.com/auth/cloud-platform"]
[debug] [2020-11-18T09:54:08.779Z] > authorizing via signed-in user
[info] 
     ######## #### ########  ######## ########     ###     ######  ########
     ##        ##  ##     ## ##       ##     ##  ##   ##  ##       ##
     ######    ##  ########  ######   ########  #########  ######  ######
     ##        ##  ##    ##  ##       ##     ## ##     ##       ## ##
     ##       #### ##     ## ######## ########  ##     ##  ######  ########

You're about to initialize a Firebase project in this directory:

  D:\React\tinder-live\tinder-clone

Before we get started, keep in mind:

  * You are initializing in an existing Firebase project directory

[info] 
=== Project Setup
[info] 
[info] First, let's associate this project directory with a Firebase project.
[info] You can create multiple project aliases by running firebase use --add, 
[info] but for now we'll just set up a default project.
[info] 
[info] i  .firebaserc already has a default project, using tinderclone-b6db0. 
[debug] [2020-11-18T09:54:14.686Z] >>> HTTP REQUEST GET https://firebase.googleapis.com/v1beta1/projects/tinderclone-b6db0  
 
[debug] [2020-11-18T09:54:14.704Z] Server Error. getaddrinfo ENOTFOUND firebase.googleapis.com
[debug] [2020-11-18T09:54:14.709Z] FirebaseError: Server Error. getaddrinfo ENOTFOUND firebase.googleapis.com
    at Request._callback (C:\Users\gyanr\AppData\Roaming\npm\node_modules\firebase-tools\lib\api.js:32:31)
    at self.callback (C:\Users\gyanr\AppData\Roaming\npm\node_modules\firebase-tools\node_modules\request\request.js:185:22)
    at Request.emit (events.js:315:20)
    at Request.EventEmitter.emit (domain.js:483:12)
    at Request.onRequestError (C:\Users\gyanr\AppData\Roaming\npm\node_modules\firebase-tools\node_modules\request\request.js:877:8)
    at ClientRequest.emit (events.js:327:22)
    at ClientRequest.EventEmitter.emit (domain.js:483:12)
    at TLSSocket.socketErrorListener (_http_client.js:426:9)
    at TLSSocket.emit (events.js:315:20)
    at TLSSocket.EventEmitter.emit (domain.js:483:12)
    at emitErrorNT (internal/streams/destroy.js:92:8)
    at emitErrorAndCloseNT (internal/streams/destroy.js:60:3)
    at processTicksAndRejections (internal/process/task_queues.js:84:21)
[error] 
[error] Error: Failed to get Firebase project tinderclone-b6db0. Please make sure the project exists and your account has permission to access it.
[debug] [2020-11-18T09:55:07.101Z] ----------------------------------------------------------------------
[debug] [2020-11-18T09:55:07.103Z] Command:       C:\Program Files\nodejs\node.exe C:\Users\gyanr\AppData\Roaming\npm\node_modules\firebase-tools\lib\bin\firebase.js init
[debug] [2020-11-18T09:55:07.103Z] CLI Version:   8.16.2
[debug] [2020-11-18T09:55:07.103Z] Platform:      win32
[debug] [2020-11-18T09:55:07.103Z] Node Version:  v12.18.3
[debug] [2020-11-18T09:55:07.104Z] Time:          Wed Nov 18 2020 15:25:07 GMT+0530 (India Standard Time)
[debug] [2020-11-18T09:55:07.104Z] ----------------------------------------------------------------------
[debug] [2020-11-18T09:55:07.104Z] 
[debug] [2020-11-18T09:55:07.109Z] > command requires scopes: ["email","openid","https://www.googleapis.com/auth/cloudplatformprojects.readonly","https://www.googleapis.com/auth/firebase","https://www.googleapis.com/auth/cloud-platform"]
[debug] [2020-11-18T09:55:07.109Z] > authorizing via signed-in user
[info] 
     ######## #### ########  ######## ########     ###     ######  ########
     ##        ##  ##     ## ##       ##     ##  ##   ##  ##       ##
     ######    ##  ########  ######   ########  #########  ######  ######
     ##        ##  ##    ##  ##       ##     ## ##     ##       ## ##
     ##       #### ##     ## ######## ########  ##     ##  ######  ########

You're about to initialize a Firebase project in this directory:

  D:\React\tinder-live\tinder-clone

Before we get started, keep in mind:

  * You are initializing in an existing Firebase project directory

[info] 
=== Project Setup
[info] 
[info] First, let's associate this project directory with a Firebase project.
[info] You can create multiple project aliases by running firebase use --add, 
[info] but for now we'll just set up a default project.
[info] 
[info] i  .firebaserc already has a default project, using tinderclone-b6db0. 
[debug] [2020-11-18T09:55:12.558Z] >>> HTTP REQUEST GET https://firebase.googleapis.com/v1beta1/projects/tinderclone-b6db0  
 
[debug] [2020-11-18T09:55:31.414Z] Server Error. socket hang up
[debug] [2020-11-18T09:55:36.945Z] FirebaseError: Server Error. socket hang up
    at Request._callback (C:\Users\gyanr\AppData\Roaming\npm\node_modules\firebase-tools\lib\api.js:32:31)
    at self.callback (C:\Users\gyanr\AppData\Roaming\npm\node_modules\firebase-tools\node_modules\request\request.js:185:22)
    at Request.emit (events.js:315:20)
    at Request.EventEmitter.emit (domain.js:483:12)
    at Request.onRequestError (C:\Users\gyanr\AppData\Roaming\npm\node_modules\firebase-tools\node_modules\request\request.js:877:8)
    at ClientRequest.emit (events.js:327:22)
    at ClientRequest.EventEmitter.emit (domain.js:483:12)
    at TLSSocket.socketOnEnd (_http_client.js:453:9)
    at TLSSocket.emit (events.js:327:22)
    at TLSSocket.EventEmitter.emit (domain.js:483:12)
    at endReadableNT (_stream_readable.js:1220:12)
    at processTicksAndRejections (internal/process/task_queues.js:84:21)
[error] 
[error] Error: Failed to get Firebase project tinderclone-b6db0. Please make sure the project exists and your account has permission to access it.
